  [1m[35m (0.1ms)[0m  [1m[34mSELECT sqlite_version(*)[0m
  ↳ C:/Ruby26-x64/bin/rake:31
  [1m[35m (7.8ms)[0m  [1m[35mCREATE TABLE "schema_migrations" ("version" varchar NOT NULL PRIMARY KEY)[0m
  ↳ C:/Ruby26-x64/bin/rake:31
  [1m[35m (6.5ms)[0m  [1m[35mCREATE TABLE "ar_internal_metadata" ("key" varchar NOT NULL PRIMARY KEY, "value" varchar, "created_at" datetime NOT NULL, "updated_at" datetime NOT NULL)[0m
  ↳ C:/Ruby26-x64/bin/rake:31
  [1m[35m (0.2ms)[0m  [1m[34mSELECT "schema_migrations"."version" FROM "schema_migrations" ORDER BY "schema_migrations"."version" ASC[0m
  ↳ C:/Ruby26-x64/bin/rake:31
Migrating to CreateLoginData (20190619142155)
  [1m[35m (0.1ms)[0m  [1m[36mbegin transaction[0m
  ↳ C:/Ruby26-x64/bin/rake:31
  [1m[35m (0.9ms)[0m  [1m[35mCREATE TABLE "login_data" ("id" integer PRIMARY KEY AUTOINCREMENT NOT NULL, "username" varchar, "password_digest" varchar, "created_at" datetime NOT NULL, "updated_at" datetime NOT NULL)[0m
  ↳ db/migrate/20190619142155_create_login_data.rb:3
  [1m[35m (0.2ms)[0m  [1m[35mCREATE UNIQUE INDEX "index_login_data_on_username" ON "login_data" ("username")[0m
  ↳ db/migrate/20190619142155_create_login_data.rb:9
  [1m[36mActiveRecord::SchemaMigration Create (0.2ms)[0m  [1m[32mINSERT INTO "schema_migrations" ("version") VALUES (?)[0m  [["version", "20190619142155"]]
  ↳ C:/Ruby26-x64/bin/rake:31
  [1m[35m (4.8ms)[0m  [1m[36mcommit transaction[0m
  ↳ C:/Ruby26-x64/bin/rake:31
Migrating to CreateCandidateDetails (20190619143141)
  [1m[35m (0.1ms)[0m  [1m[36mbegin transaction[0m
  ↳ C:/Ruby26-x64/bin/rake:31
  [1m[35m (0.9ms)[0m  [1m[35mCREATE TABLE "candidate_details" ("id" integer PRIMARY KEY AUTOINCREMENT NOT NULL, "s_no" integer, "src_reg" varchar, "zone" varchar, "DOR" date, "reg_no" varchar, "name" varchar, "gender" varchar, "age" integer, "address" text, "branch" varchar, "email" varchar, "contact_no" integer, "state" varchar, "qualification" varchar, "specialization" varchar, "experience" text, "remark_mobility" integer, "DOC" date, "status" varchar, "created_at" datetime NOT NULL, "updated_at" datetime NOT NULL)[0m
  ↳ db/migrate/20190619143141_create_candidate_details.rb:3
  [1m[35m (0.2ms)[0m  [1m[35mCREATE UNIQUE INDEX "index_candidate_details_on_s_no" ON "candidate_details" ("s_no")[0m
  ↳ db/migrate/20190619143141_create_candidate_details.rb:26
  [1m[35m (0.2ms)[0m  [1m[35mCREATE UNIQUE INDEX "index_candidate_details_on_email" ON "candidate_details" ("email")[0m
  ↳ db/migrate/20190619143141_create_candidate_details.rb:27
  [1m[35m (0.2ms)[0m  [1m[35mCREATE UNIQUE INDEX "index_candidate_details_on_contact_no" ON "candidate_details" ("contact_no")[0m
  ↳ db/migrate/20190619143141_create_candidate_details.rb:28
  [1m[36mActiveRecord::SchemaMigration Create (0.2ms)[0m  [1m[32mINSERT INTO "schema_migrations" ("version") VALUES (?)[0m  [["version", "20190619143141"]]
  ↳ C:/Ruby26-x64/bin/rake:31
  [1m[35m (5.2ms)[0m  [1m[36mcommit transaction[0m
  ↳ C:/Ruby26-x64/bin/rake:31
  [1m[36mActiveRecord::InternalMetadata Load (1.1ms)[0m  [1m[34mSELECT  "ar_internal_metadata".* FROM "ar_internal_metadata" WHERE "ar_internal_metadata"."key" = ? LIMIT ?[0m  [["key", "environment"], ["LIMIT", 1]]
  ↳ C:/Ruby26-x64/bin/rake:31
  [1m[35m (0.0ms)[0m  [1m[36mbegin transaction[0m
  ↳ C:/Ruby26-x64/bin/rake:31
  [1m[36mActiveRecord::InternalMetadata Create (0.9ms)[0m  [1m[32mINSERT INTO "ar_internal_metadata" ("key", "value", "created_at", "updated_at") VALUES (?, ?, ?, ?)[0m  [["key", "environment"], ["value", "development"], ["created_at", "2019-06-19 14:32:15.535817"], ["updated_at", "2019-06-19 14:32:15.535817"]]
  ↳ C:/Ruby26-x64/bin/rake:31
  [1m[35m (6.5ms)[0m  [1m[36mcommit transaction[0m
  ↳ C:/Ruby26-x64/bin/rake:31
  [1m[35m (0.2ms)[0m  [1m[34mSELECT "schema_migrations"."version" FROM "schema_migrations" ORDER BY "schema_migrations"."version" ASC[0m
  ↳ C:/Ruby26-x64/bin/rake:31
  [1m[35m (0.2ms)[0m  [1m[34mSELECT "schema_migrations"."version" FROM "schema_migrations" ORDER BY "schema_migrations"."version" ASC[0m
  ↳ C:/Ruby26-x64/bin/rake:31
  [1m[35m (0.1ms)[0m  [1m[36mbegin transaction[0m
  ↳ db/seeds.rb:8
  [1m[36mLoginDatum Create (1.0ms)[0m  [1m[32mINSERT INTO "login_data" ("username", "password_digest", "created_at", "updated_at") VALUES (?, ?, ?, ?)[0m  [["username", "soami"], ["password_digest", "$2a$12$uFccRyHjbaAOdCxAA761EuUU.g8M/ZKClX2Jb1QY/JHhGwFAPZ5HC"], ["created_at", "2019-06-19 14:32:31.166024"], ["updated_at", "2019-06-19 14:32:31.166024"]]
  ↳ db/seeds.rb:8
  [1m[35m (13.5ms)[0m  [1m[36mcommit transaction[0m
  ↳ db/seeds.rb:8
  [1m[35m (0.1ms)[0m  [1m[36mbegin transaction[0m
  ↳ db/seeds.rb:9
  [1m[36mLoginDatum Create (2.7ms)[0m  [1m[32mINSERT INTO "login_data" ("username", "password_digest", "created_at", "updated_at") VALUES (?, ?, ?, ?)[0m  [["username", "mukul"], ["password_digest", "$2a$12$gmheutC4BrOJKJRcAJKUsuIxb4o//jUDogpg.sRPGQz5F8wnC2U56"], ["created_at", "2019-06-19 14:32:31.448809"], ["updated_at", "2019-06-19 14:32:31.448809"]]
  ↳ db/seeds.rb:9
  [1m[35m (5.5ms)[0m  [1m[36mcommit transaction[0m
  ↳ db/seeds.rb:9
  [1m[35m (0.2ms)[0m  [1m[34mSELECT "schema_migrations"."version" FROM "schema_migrations" ORDER BY "schema_migrations"."version" ASC[0m
  ↳ C:/Ruby26-x64/bin/rake:31
  [1m[35m (0.1ms)[0m  [1m[36mbegin transaction[0m
  ↳ db/seeds.rb:8
  [1m[36mLoginDatum Create (0.8ms)[0m  [1m[32mINSERT INTO "login_data" ("username", "password_digest", "created_at", "updated_at") VALUES (?, ?, ?, ?)[0m  [["username", "soami"], ["password_digest", "$2a$12$xn9MLFKNfZ323z3cYy05AOp3uqmjSWQN7MidHs./PlH6dOnkvbFMm"], ["created_at", "2019-06-19 14:32:45.307737"], ["updated_at", "2019-06-19 14:32:45.307737"]]
  ↳ db/seeds.rb:8
  [1m[35m (0.1ms)[0m  [1m[31mrollback transaction[0m
  ↳ db/seeds.rb:8
Started GET "/" for 127.0.0.1 at 2019-06-19 20:10:10 +0530
  [1m[35m (0.2ms)[0m  [1m[34mSELECT "schema_migrations"."version" FROM "schema_migrations" ORDER BY "schema_migrations"."version" ASC[0m
  ↳ C:/Ruby26-x64/lib/ruby/gems/2.6.0/gems/activerecord-5.2.3/lib/active_record/log_subscriber.rb:98
Processing by SessionsController#login_page as HTML
  [1m[36mLoginDatum Load (0.3ms)[0m  [1m[34mSELECT  "login_data".* FROM "login_data" WHERE "login_data"."username" IS NULL LIMIT ?[0m  [["LIMIT", 1]]
  ↳ app/controllers/sessions_controller.rb:3
  Rendering sessions/login_page.html.erb within layouts/application
  Rendered sessions/login_page.html.erb within layouts/application (10.8ms)
Completed 200 OK in 1093ms (Views: 1075.8ms | ActiveRecord: 0.8ms)


Started POST "/cd" for 127.0.0.1 at 2019-06-19 20:10:18 +0530
Processing by CandidateDetailsController#index as HTML
  Parameters: {"utf8"=>"✓", "authenticity_token"=>"FIKksYp1IRWDIrBfDybXTz2lbNMll9+4zB2AFVkdRanITbWuQk6MgX1zmhKGAijOkr1nVh6b/93Hgyswkw5MUg==", "username"=>"soami", "password"=>"[FILTERED]", "commit"=>"Login"}
  Rendering candidate_details/index.html.erb within layouts/application
  [1m[36mCandidateDetail Load (0.3ms)[0m  [1m[34mSELECT "candidate_details".* FROM "candidate_details"[0m
  ↳ app/views/candidate_details/index.html.erb:32
  Rendered candidate_details/index.html.erb within layouts/application (3.2ms)
Completed 200 OK in 71ms (Views: 65.5ms | ActiveRecord: 1.0ms)


Started GET "/candidate_details/new" for 127.0.0.1 at 2019-06-19 20:10:23 +0530
Processing by CandidateDetailsController#new as HTML
  Rendering candidate_details/new.html.erb within layouts/application
  Rendered candidate_details/_form.html.erb (110.0ms)
  Rendered candidate_details/new.html.erb within layouts/application (112.0ms)
Completed 200 OK in 190ms (Views: 163.1ms | ActiveRecord: 0.6ms)


Started POST "/candidate_details" for 127.0.0.1 at 2019-06-19 20:11:49 +0530
Processing by CandidateDetailsController#create as HTML
  Parameters: {"utf8"=>"✓", "authenticity_token"=>"JjsFQ2HisB2A3PvQoqkdLGKYQyw04++ETcp9iAT4LS5wVzYThyuzY33P3vMbUWps35jyKg8XAYWypAgpC4S7Eg==", "candidate_detail"=>{"s_no"=>"1", "src_reg"=>"R/UP", "zone"=>"dayalbagh", "DOR(1i)"=>"2016", "DOR(2i)"=>"2", "DOR(3i)"=>"4", "reg_no"=>"NZ/R/UP/1", "name"=>"soami", "gender"=>"Male", "age"=>"20", "address"=>"dayalbagh, agra", "branch"=>"Soami Nagar", "email"=>"charansoami@uk.com", "contact_no"=>"1234567890", "state"=>"Uttar Pradesh", "qualification"=>"B.Sc", "specialization"=>"CS", "experience"=>"None", "remark_mobility"=>"10", "DOC(1i)"=>"2019", "DOC(2i)"=>"6", "DOC(3i)"=>"19", "status"=>"Joined"}, "commit"=>"Create Candidate detail"}
  [1m[35m (0.0ms)[0m  [1m[36mbegin transaction[0m
  ↳ app/controllers/candidate_details_controller.rb:30
  [1m[36mCandidateDetail Create (3.2ms)[0m  [1m[32mINSERT INTO "candidate_details" ("s_no", "src_reg", "zone", "DOR", "reg_no", "name", "gender", "age", "address", "branch", "email", "contact_no", "state", "qualification", "specialization", "experience", "remark_mobility", "DOC", "status", "created_at", "updated_at") VALUES (?, ?, ?, ?, ?, ?, ?, ?, ?, ?, ?, ?, ?, ?, ?, ?, ?, ?, ?, ?, ?)[0m  [["s_no", 1], ["src_reg", "R/UP"], ["zone", "dayalbagh"], ["DOR", "2016-02-04"], ["reg_no", "NZ/R/UP/1"], ["name", "soami"], ["gender", "Male"], ["age", 20], ["address", "dayalbagh, agra"], ["branch", "Soami Nagar"], ["email", "charansoami@uk.com"], ["contact_no", 1234567890], ["state", "Uttar Pradesh"], ["qualification", "B.Sc"], ["specialization", "CS"], ["experience", "None"], ["remark_mobility", 10], ["DOC", "2019-06-19"], ["status", "Joined"], ["created_at", "2019-06-19 14:41:49.832338"], ["updated_at", "2019-06-19 14:41:49.832338"]]
  ↳ app/controllers/candidate_details_controller.rb:30
  [1m[35m (5.4ms)[0m  [1m[36mcommit transaction[0m
  ↳ app/controllers/candidate_details_controller.rb:30
Redirected to http://localhost:3000/candidate_details/1
Completed 302 Found in 13ms (ActiveRecord: 8.7ms)


Started GET "/candidate_details/1" for 127.0.0.1 at 2019-06-19 20:11:49 +0530
Processing by CandidateDetailsController#show as HTML
  Parameters: {"id"=>"1"}
  [1m[36mCandidateDetail Load (0.3ms)[0m  [1m[34mSELECT  "candidate_details".* FROM "candidate_details" WHERE "candidate_details"."id" = ? LIMIT ?[0m  [["id", 1], ["LIMIT", 1]]
  ↳ app/controllers/candidate_details_controller.rb:67
  Rendering candidate_details/show.html.erb within layouts/application
  Rendered candidate_details/show.html.erb within layouts/application (0.9ms)
Completed 200 OK in 80ms (Views: 66.1ms | ActiveRecord: 0.3ms)


Started GET "/candidate_details" for 127.0.0.1 at 2019-06-19 20:11:58 +0530
Processing by CandidateDetailsController#index as HTML
  Rendering candidate_details/index.html.erb within layouts/application
  [1m[36mCandidateDetail Load (0.2ms)[0m  [1m[34mSELECT "candidate_details".* FROM "candidate_details"[0m
  ↳ app/views/candidate_details/index.html.erb:32
  Rendered candidate_details/index.html.erb within layouts/application (2.9ms)
Completed 200 OK in 42ms (Views: 40.2ms | ActiveRecord: 0.2ms)


Started GET "/candidate_details" for 127.0.0.1 at 2019-06-19 20:12:37 +0530
Processing by CandidateDetailsController#index as HTML
  Rendering candidate_details/index.html.erb within layouts/application
  [1m[36mCandidateDetail Load (0.2ms)[0m  [1m[34mSELECT "candidate_details".* FROM "candidate_details"[0m
  ↳ app/views/candidate_details/index.html.erb:20
  Rendered candidate_details/index.html.erb within layouts/application (1.9ms)
Completed 200 OK in 52ms (Views: 48.8ms | ActiveRecord: 0.2ms)


Started GET "/candidate_details/1" for 127.0.0.1 at 2019-06-19 20:12:40 +0530
Processing by CandidateDetailsController#show as HTML
  Parameters: {"id"=>"1"}
  [1m[36mCandidateDetail Load (0.2ms)[0m  [1m[34mSELECT  "candidate_details".* FROM "candidate_details" WHERE "candidate_details"."id" = ? LIMIT ?[0m  [["id", 1], ["LIMIT", 1]]
  ↳ app/controllers/candidate_details_controller.rb:67
  Rendering candidate_details/show.html.erb within layouts/application
  Rendered candidate_details/show.html.erb within layouts/application (0.7ms)
Completed 200 OK in 40ms (Views: 38.0ms | ActiveRecord: 0.2ms)


  [1m[35m (0.2ms)[0m  [1m[34mSELECT "schema_migrations"."version" FROM "schema_migrations" ORDER BY "schema_migrations"."version" ASC[0m
  ↳ C:/Ruby26-x64/bin/rake:31
  [1m[36mActiveRecord::InternalMetadata Load (0.3ms)[0m  [1m[34mSELECT  "ar_internal_metadata".* FROM "ar_internal_metadata" WHERE "ar_internal_metadata"."key" = ? LIMIT ?[0m  [["key", "environment"], ["LIMIT", 1]]
  ↳ C:/Ruby26-x64/bin/rake:31
  [1m[35m (0.0ms)[0m  [1m[36mbegin transaction[0m
  ↳ C:/Ruby26-x64/bin/rake:31
  [1m[35m (0.0ms)[0m  [1m[36mcommit transaction[0m
  ↳ C:/Ruby26-x64/bin/rake:31
  [1m[35m (0.1ms)[0m  [1m[34mSELECT "schema_migrations"."version" FROM "schema_migrations" ORDER BY "schema_migrations"."version" ASC[0m
  ↳ C:/Ruby26-x64/bin/rake:31
  [1m[35m (0.3ms)[0m  [1m[34mSELECT "schema_migrations"."version" FROM "schema_migrations" ORDER BY "schema_migrations"."version" ASC[0m
  ↳ bin/rails:4
  [1m[36mActiveRecord::InternalMetadata Load (0.3ms)[0m  [1m[34mSELECT  "ar_internal_metadata".* FROM "ar_internal_metadata" WHERE "ar_internal_metadata"."key" = ? LIMIT ?[0m  [["key", "environment"], ["LIMIT", 1]]
  ↳ bin/rails:4
  [1m[35m (0.1ms)[0m  [1m[36mbegin transaction[0m
  ↳ bin/rails:4
  [1m[35m (0.0ms)[0m  [1m[36mcommit transaction[0m
  ↳ bin/rails:4
  [1m[35m (0.1ms)[0m  [1m[34mSELECT "schema_migrations"."version" FROM "schema_migrations" ORDER BY "schema_migrations"."version" ASC[0m
  ↳ bin/rails:4
Started GET "/" for ::1 at 2019-06-19 20:18:26 +0530
  [1m[35m (0.2ms)[0m  [1m[34mSELECT "schema_migrations"."version" FROM "schema_migrations" ORDER BY "schema_migrations"."version" ASC[0m
  ↳ C:/Ruby26-x64/lib/ruby/gems/2.6.0/gems/activerecord-5.2.3/lib/active_record/log_subscriber.rb:98
Processing by SessionsController#login_page as HTML
  [1m[36mLoginDatum Load (0.3ms)[0m  [1m[34mSELECT  "login_data".* FROM "login_data" WHERE "login_data"."username" IS NULL LIMIT ?[0m  [["LIMIT", 1]]
  ↳ app/controllers/sessions_controller.rb:3
  Rendering sessions/login_page.html.erb within layouts/application
  Rendered sessions/login_page.html.erb within layouts/application (7.1ms)
Completed 200 OK in 309ms (Views: 282.7ms | ActiveRecord: 0.8ms)


Started GET "/" for ::1 at 2019-06-19 20:19:06 +0530
  [1m[35m (1.5ms)[0m  [1m[34mSELECT "schema_migrations"."version" FROM "schema_migrations" ORDER BY "schema_migrations"."version" ASC[0m
  ↳ C:/Ruby26-x64/lib/ruby/gems/2.6.0/gems/activerecord-5.2.3/lib/active_record/log_subscriber.rb:98
Processing by SessionsController#login_page as HTML
  [1m[36mLoginDatum Load (0.2ms)[0m  [1m[34mSELECT  "login_data".* FROM "login_data" WHERE "login_data"."username" IS NULL LIMIT ?[0m  [["LIMIT", 1]]
  ↳ app/controllers/sessions_controller.rb:3
  Rendering sessions/login_page.html.erb within layouts/application
  Rendered sessions/login_page.html.erb within layouts/application (4.0ms)
Completed 200 OK in 1005ms (Views: 978.1ms | ActiveRecord: 0.7ms)


Started GET "/" for ::1 at 2019-06-19 20:20:13 +0530
  [1m[35m (0.3ms)[0m  [1m[34mSELECT "schema_migrations"."version" FROM "schema_migrations" ORDER BY "schema_migrations"."version" ASC[0m
  ↳ C:/Ruby26-x64/lib/ruby/gems/2.6.0/gems/activerecord-5.2.3/lib/active_record/log_subscriber.rb:98
Processing by SessionsController#login_page as HTML
  [1m[36mLoginDatum Load (0.3ms)[0m  [1m[34mSELECT  "login_data".* FROM "login_data" WHERE "login_data"."username" IS NULL LIMIT ?[0m  [["LIMIT", 1]]
  ↳ app/controllers/sessions_controller.rb:3
  Rendering sessions/login_page.html.erb within layouts/application
  Rendered sessions/login_page.html.erb within layouts/application (4.6ms)
Completed 200 OK in 941ms (Views: 920.1ms | ActiveRecord: 0.7ms)


